Line 281: Class MSDataGridLib.DataGrid of control DataGrid1 was not a loaded control class.
Line 426: Class MSAdodcLib.Adodc of control Adodc1 was not a loaded control class.
Line 287: The property name _ExtentX in DataGrid1 is invalid.
Line 288: The property name _ExtentY in DataGrid1 is invalid.
Line 289: The property name _Version in DataGrid1 is invalid.
Line 290: The property name AllowUpdate in DataGrid1 is invalid.
Line 293: The property name ColumnHeaders in DataGrid1 is invalid.
Line 295: The property name HeadLines in DataGrid1 is invalid.
Line 296: The property name RowHeight in DataGrid1 is invalid.
Line 297: The property name RowDividerStyle in DataGrid1 is invalid.
Line 298: The property name FormatLocked in DataGrid1 is invalid.
Line 307: The property name HeadFont in DataGrid1 is invalid.
Line 317: The property name ColumnCount in DataGrid1 is invalid.
Line 330: The property name Column00 in DataGrid1 is invalid.
Line 343: The property name Column01 in DataGrid1 is invalid.
Line 356: The property name Column02 in DataGrid1 is invalid.
Line 369: The property name Column03 in DataGrid1 is invalid.
Line 370: The property name SplitCount in DataGrid1 is invalid.
Line 392: The property name Split0 in DataGrid1 is invalid.
Line 432: The property name _ExtentX in Adodc1 is invalid.
Line 433: The property name _ExtentY in Adodc1 is invalid.
Line 434: The property name ConnectMode in Adodc1 is invalid.
Line 435: The property name CursorLocation in Adodc1 is invalid.
Line 436: The property name IsolationLevel in Adodc1 is invalid.
Line 437: The property name ConnectionTimeout in Adodc1 is invalid.
Line 438: The property name CommandTimeout in Adodc1 is invalid.
Line 439: The property name CursorType in Adodc1 is invalid.
Line 440: The property name LockType in Adodc1 is invalid.
Line 441: The property name CommandType in Adodc1 is invalid.
Line 442: The property name CursorOptions in Adodc1 is invalid.
Line 443: The property name CacheSize in Adodc1 is invalid.
Line 444: The property name MaxRecords in Adodc1 is invalid.
Line 445: The property name BOFAction in Adodc1 is invalid.
Line 446: The property name EOFAction in Adodc1 is invalid.
Line 447: The property name ConnectStringType in Adodc1 is invalid.
Line 451: The property name Orientation in Adodc1 is invalid.
Line 453: The property name Connect in Adodc1 is invalid.
Line 454: The property name OLEDBString in Adodc1 is invalid.
Line 455: The property name OLEDBFile in Adodc1 is invalid.
Line 456: The property name DataSourceName in Adodc1 is invalid.
Line 457: The property name OtherAttributes in Adodc1 is invalid.
Line 458: The property name UserName in Adodc1 is invalid.
Line 459: The property name Password in Adodc1 is invalid.
Line 460: The property name RecordSource in Adodc1 is invalid.
Line 461: The property name Caption in Adodc1 is invalid.
Line 471: The property name _Version in Adodc1 is invalid.
