Line 67: Class TabDlg.SSTab of control SSTab1 was not a loaded control class.
Line 119: Class MSForms.TextBox of control txtProp_Rt was not a loaded control class.
Line 212: Class MSDataGridLib.DataGrid of control DataGrid1 was not a loaded control class.
Line 451: Class MSDataGridLib.DataGrid of control DataGrid1 was not a loaded control class.
Line 655: Class MSDataGridLib.DataGrid of control DataGrid1 was not a loaded control class.
Line 938: Class MSDataGridLib.DataGrid of control DataGrid4 was not a loaded control class.
Line 73: The property name _ExtentX in SSTab1 is invalid.
Line 74: The property name _ExtentY in SSTab1 is invalid.
Line 75: The property name _Version in SSTab1 is invalid.
Line 76: The property name Style in SSTab1 is invalid.
Line 77: The property name Tabs in SSTab1 is invalid.
Line 78: The property name TabsPerRow in SSTab1 is invalid.
Line 79: The property name TabHeight in SSTab1 is invalid.
Line 91: The property name TabCaption(0) in SSTab1 is invalid.
Line 92: The property name TabPicture(0) in SSTab1 is invalid.
Line 93: The property name Tab(0).ControlEnabled in SSTab1 is invalid.
Line 94: The property name Tab(0).Control(0) in SSTab1 is invalid.
Line 95: The property name Tab(0).Control(0).Enabled in SSTab1 is invalid.
Line 96: The property name Tab(0).ControlCount in SSTab1 is invalid.
Line 97: The property name TabCaption(1) in SSTab1 is invalid.
Line 98: The property name TabPicture(1) in SSTab1 is invalid.
Line 99: The property name Tab(1).ControlEnabled in SSTab1 is invalid.
Line 100: The property name Tab(1).Control(0) in SSTab1 is invalid.
Line 101: The property name Tab(1).ControlCount in SSTab1 is invalid.
Line 102: The property name TabCaption(2) in SSTab1 is invalid.
Line 103: The property name TabPicture(2) in SSTab1 is invalid.
Line 104: The property name Tab(2).ControlEnabled in SSTab1 is invalid.
Line 105: The property name Tab(2).Control(0) in SSTab1 is invalid.
Line 106: The property name Tab(2).ControlCount in SSTab1 is invalid.
Line 107: The property name TabCaption(3) in SSTab1 is invalid.
Line 108: The property name TabPicture(3) in SSTab1 is invalid.
Line 109: The property name Tab(3).ControlEnabled in SSTab1 is invalid.
Line 110: The property name Tab(3).Control(0) in SSTab1 is invalid.
Line 111: The property name Tab(3).ControlCount in SSTab1 is invalid.
Line 125: The property name VariousPropertyBits in txtProp_Rt is invalid.
Line 128: The property name Size in txtProp_Rt is invalid.
Line 129: The property name BorderColor in txtProp_Rt is invalid.
Line 130: The property name SpecialEffect in txtProp_Rt is invalid.
Line 131: The property name FontHeight in txtProp_Rt is invalid.
Line 132: The property name FontCharSet in txtProp_Rt is invalid.
Line 133: The property name FontPitchAndFamily in txtProp_Rt is invalid.
Line 219: The property name _ExtentX in DataGrid1 is invalid.
Line 220: The property name _ExtentY in DataGrid1 is invalid.
Line 221: The property name _Version in DataGrid1 is invalid.
Line 222: The property name AllowUpdate in DataGrid1 is invalid.
Line 226: The property name ColumnHeaders in DataGrid1 is invalid.
Line 228: The property name HeadLines in DataGrid1 is invalid.
Line 229: The property name RowHeight in DataGrid1 is invalid.
Line 230: The property name RowDividerStyle in DataGrid1 is invalid.
Line 239: The property name HeadFont in DataGrid1 is invalid.
Line 249: The property name ColumnCount in DataGrid1 is invalid.
Line 262: The property name Column00 in DataGrid1 is invalid.
Line 275: The property name Column01 in DataGrid1 is invalid.
Line 288: The property name Column02 in DataGrid1 is invalid.
Line 301: The property name Column03 in DataGrid1 is invalid.
Line 302: The property name SplitCount in DataGrid1 is invalid.
Line 313: The property name Split0 in DataGrid1 is invalid.
Line 458: The property name _ExtentX in DataGrid1 is invalid.
Line 459: The property name _ExtentY in DataGrid1 is invalid.
Line 460: The property name _Version in DataGrid1 is invalid.
Line 461: The property name AllowUpdate in DataGrid1 is invalid.
Line 465: The property name ColumnHeaders in DataGrid1 is invalid.
Line 467: The property name HeadLines in DataGrid1 is invalid.
Line 468: The property name RowHeight in DataGrid1 is invalid.
Line 469: The property name RowDividerStyle in DataGrid1 is invalid.
Line 478: The property name HeadFont in DataGrid1 is invalid.
Line 488: The property name ColumnCount in DataGrid1 is invalid.
Line 501: The property name Column00 in DataGrid1 is invalid.
Line 514: The property name Column01 in DataGrid1 is invalid.
Line 527: The property name Column02 in DataGrid1 is invalid.
Line 540: The property name Column03 in DataGrid1 is invalid.
Line 541: The property name SplitCount in DataGrid1 is invalid.
Line 552: The property name Split0 in DataGrid1 is invalid.
Line 662: The property name _ExtentX in DataGrid1 is invalid.
Line 663: The property name _ExtentY in DataGrid1 is invalid.
Line 664: The property name _Version in DataGrid1 is invalid.
Line 665: The property name AllowUpdate in DataGrid1 is invalid.
Line 668: The property name ColumnHeaders in DataGrid1 is invalid.
Line 670: The property name HeadLines in DataGrid1 is invalid.
Line 671: The property name RowHeight in DataGrid1 is invalid.
Line 672: The property name RowDividerStyle in DataGrid1 is invalid.
Line 681: The property name HeadFont in DataGrid1 is invalid.
Line 691: The property name ColumnCount in DataGrid1 is invalid.
Line 704: The property name Column00 in DataGrid1 is invalid.
Line 717: The property name Column01 in DataGrid1 is invalid.
Line 730: The property name Column02 in DataGrid1 is invalid.
Line 743: The property name Column03 in DataGrid1 is invalid.
Line 744: The property name SplitCount in DataGrid1 is invalid.
Line 757: The property name Split0 in DataGrid1 is invalid.
Line 944: The property name _ExtentX in DataGrid4 is invalid.
Line 945: The property name _ExtentY in DataGrid4 is invalid.
Line 946: The property name _Version in DataGrid4 is invalid.
Line 947: The property name AllowUpdate in DataGrid4 is invalid.
Line 950: The property name ColumnHeaders in DataGrid4 is invalid.
Line 952: The property name HeadLines in DataGrid4 is invalid.
Line 953: The property name RowHeight in DataGrid4 is invalid.
Line 954: The property name RowDividerStyle in DataGrid4 is invalid.
Line 955: The property name FormatLocked in DataGrid4 is invalid.
Line 964: The property name HeadFont in DataGrid4 is invalid.
Line 974: The property name ColumnCount in DataGrid4 is invalid.
Line 987: The property name Column00 in DataGrid4 is invalid.
Line 1000: The property name Column01 in DataGrid4 is invalid.
Line 1013: The property name Column02 in DataGrid4 is invalid.
Line 1014: The property name SplitCount in DataGrid4 is invalid.
Line 1031: The property name Split0 in DataGrid4 is invalid.
