Line 21: Class MSDataGridLib.DataGrid of control grdDataGrid was not a loaded control class.
Line 88: Class MSComctlLib.ImageList of control imlToolbarIcons was not a loaded control class.
Line 154: Class MSComctlLib.Toolbar of control Toolbar1 was not a loaded control class.
Line 27: The property name _ExtentX in grdDataGrid is invalid.
Line 28: The property name _ExtentY in grdDataGrid is invalid.
Line 29: The property name _Version in grdDataGrid is invalid.
Line 30: The property name AllowUpdate in grdDataGrid is invalid.
Line 33: The property name HeadLines in grdDataGrid is invalid.
Line 34: The property name RowHeight in grdDataGrid is invalid.
Line 43: The property name HeadFont in grdDataGrid is invalid.
Line 53: The property name ColumnCount in grdDataGrid is invalid.
Line 66: The property name Column00 in grdDataGrid is invalid.
Line 79: The property name Column01 in grdDataGrid is invalid.
Line 80: The property name SplitCount in grdDataGrid is invalid.
Line 86: The property name Split0 in grdDataGrid is invalid.
Line 91: The property name _ExtentX in imlToolbarIcons is invalid.
Line 92: The property name _ExtentY in imlToolbarIcons is invalid.
Line 94: The property name ImageWidth in imlToolbarIcons is invalid.
Line 95: The property name ImageHeight in imlToolbarIcons is invalid.
Line 96: The property name MaskColor in imlToolbarIcons is invalid.
Line 97: The property name _Version in imlToolbarIcons is invalid.
Line 152: The property name Images in imlToolbarIcons is invalid.
Line 161: The property name _ExtentX in Toolbar1 is invalid.
Line 162: The property name _ExtentY in Toolbar1 is invalid.
Line 163: The property name ButtonWidth in Toolbar1 is invalid.
Line 164: The property name ButtonHeight in Toolbar1 is invalid.
Line 165: The property name AllowCustomize in Toolbar1 is invalid.
Line 167: The property name Style in Toolbar1 is invalid.
Line 168: The property name ImageList in Toolbar1 is invalid.
Line 169: The property name HotImageList in Toolbar1 is invalid.
Line 170: The property name _Version in Toolbar1 is invalid.
Line 209: The property name Buttons in Toolbar1 is invalid.
