Line 236: Class MSAdodcLib.Adodc of control Adodc2 was not a loaded control class.
Line 283: Class MSAdodcLib.Adodc of control Adodc3 was not a loaded control class.
Line 330: Class MSAdodcLib.Adodc of control Adodc4 was not a loaded control class.
Line 377: Class MSAdodcLib.Adodc of control Adodc5 was not a loaded control class.
Line 424: Class MSAdodcLib.Adodc of control Adodc6 was not a loaded control class.
Line 669: Class MSDataGridLib.DataGrid of control DataGrid1 was not a loaded control class.
Line 966: Class MSComCtl2.DTPicker of control DTPicker1 was not a loaded control class.
Line 983: Class MSComCtl2.DTPicker of control Dt was not a loaded control class.
Line 1231: Class MSAdodcLib.Adodc of control Adodc1 was not a loaded control class.
Line 242: The property name _ExtentX in Adodc2 is invalid.
Line 243: The property name _ExtentY in Adodc2 is invalid.
Line 244: The property name ConnectMode in Adodc2 is invalid.
Line 245: The property name CursorLocation in Adodc2 is invalid.
Line 246: The property name IsolationLevel in Adodc2 is invalid.
Line 247: The property name ConnectionTimeout in Adodc2 is invalid.
Line 248: The property name CommandTimeout in Adodc2 is invalid.
Line 249: The property name CursorType in Adodc2 is invalid.
Line 250: The property name LockType in Adodc2 is invalid.
Line 251: The property name CommandType in Adodc2 is invalid.
Line 252: The property name CursorOptions in Adodc2 is invalid.
Line 253: The property name CacheSize in Adodc2 is invalid.
Line 254: The property name MaxRecords in Adodc2 is invalid.
Line 255: The property name BOFAction in Adodc2 is invalid.
Line 256: The property name EOFAction in Adodc2 is invalid.
Line 257: The property name ConnectStringType in Adodc2 is invalid.
Line 261: The property name Orientation in Adodc2 is invalid.
Line 263: The property name Connect in Adodc2 is invalid.
Line 264: The property name OLEDBString in Adodc2 is invalid.
Line 265: The property name OLEDBFile in Adodc2 is invalid.
Line 266: The property name DataSourceName in Adodc2 is invalid.
Line 267: The property name OtherAttributes in Adodc2 is invalid.
Line 268: The property name UserName in Adodc2 is invalid.
Line 269: The property name Password in Adodc2 is invalid.
Line 270: The property name RecordSource in Adodc2 is invalid.
Line 271: The property name Caption in Adodc2 is invalid.
Line 281: The property name _Version in Adodc2 is invalid.
Line 289: The property name _ExtentX in Adodc3 is invalid.
Line 290: The property name _ExtentY in Adodc3 is invalid.
Line 291: The property name ConnectMode in Adodc3 is invalid.
Line 292: The property name CursorLocation in Adodc3 is invalid.
Line 293: The property name IsolationLevel in Adodc3 is invalid.
Line 294: The property name ConnectionTimeout in Adodc3 is invalid.
Line 295: The property name CommandTimeout in Adodc3 is invalid.
Line 296: The property name CursorType in Adodc3 is invalid.
Line 297: The property name LockType in Adodc3 is invalid.
Line 298: The property name CommandType in Adodc3 is invalid.
Line 299: The property name CursorOptions in Adodc3 is invalid.
Line 300: The property name CacheSize in Adodc3 is invalid.
Line 301: The property name MaxRecords in Adodc3 is invalid.
Line 302: The property name BOFAction in Adodc3 is invalid.
Line 303: The property name EOFAction in Adodc3 is invalid.
Line 304: The property name ConnectStringType in Adodc3 is invalid.
Line 308: The property name Orientation in Adodc3 is invalid.
Line 310: The property name Connect in Adodc3 is invalid.
Line 311: The property name OLEDBString in Adodc3 is invalid.
Line 312: The property name OLEDBFile in Adodc3 is invalid.
Line 313: The property name DataSourceName in Adodc3 is invalid.
Line 314: The property name OtherAttributes in Adodc3 is invalid.
Line 315: The property name UserName in Adodc3 is invalid.
Line 316: The property name Password in Adodc3 is invalid.
Line 317: The property name RecordSource in Adodc3 is invalid.
Line 318: The property name Caption in Adodc3 is invalid.
Line 328: The property name _Version in Adodc3 is invalid.
Line 336: The property name _ExtentX in Adodc4 is invalid.
Line 337: The property name _ExtentY in Adodc4 is invalid.
Line 338: The property name ConnectMode in Adodc4 is invalid.
Line 339: The property name CursorLocation in Adodc4 is invalid.
Line 340: The property name IsolationLevel in Adodc4 is invalid.
Line 341: The property name ConnectionTimeout in Adodc4 is invalid.
Line 342: The property name CommandTimeout in Adodc4 is invalid.
Line 343: The property name CursorType in Adodc4 is invalid.
Line 344: The property name LockType in Adodc4 is invalid.
Line 345: The property name CommandType in Adodc4 is invalid.
Line 346: The property name CursorOptions in Adodc4 is invalid.
Line 347: The property name CacheSize in Adodc4 is invalid.
Line 348: The property name MaxRecords in Adodc4 is invalid.
Line 349: The property name BOFAction in Adodc4 is invalid.
Line 350: The property name EOFAction in Adodc4 is invalid.
Line 351: The property name ConnectStringType in Adodc4 is invalid.
Line 355: The property name Orientation in Adodc4 is invalid.
Line 357: The property name Connect in Adodc4 is invalid.
Line 358: The property name OLEDBString in Adodc4 is invalid.
Line 359: The property name OLEDBFile in Adodc4 is invalid.
Line 360: The property name DataSourceName in Adodc4 is invalid.
Line 361: The property name OtherAttributes in Adodc4 is invalid.
Line 362: The property name UserName in Adodc4 is invalid.
Line 363: The property name Password in Adodc4 is invalid.
Line 364: The property name RecordSource in Adodc4 is invalid.
Line 365: The property name Caption in Adodc4 is invalid.
Line 375: The property name _Version in Adodc4 is invalid.
Line 383: The property name _ExtentX in Adodc5 is invalid.
Line 384: The property name _ExtentY in Adodc5 is invalid.
Line 385: The property name ConnectMode in Adodc5 is invalid.
Line 386: The property name CursorLocation in Adodc5 is invalid.
Line 387: The property name IsolationLevel in Adodc5 is invalid.
Line 388: The property name ConnectionTimeout in Adodc5 is invalid.
Line 389: The property name CommandTimeout in Adodc5 is invalid.
Line 390: The property name CursorType in Adodc5 is invalid.
Line 391: The property name LockType in Adodc5 is invalid.
Line 392: The property name CommandType in Adodc5 is invalid.
Line 393: The property name CursorOptions in Adodc5 is invalid.
Line 394: The property name CacheSize in Adodc5 is invalid.
Line 395: The property name MaxRecords in Adodc5 is invalid.
Line 396: The property name BOFAction in Adodc5 is invalid.
Line 397: The property name EOFAction in Adodc5 is invalid.
Line 398: The property name ConnectStringType in Adodc5 is invalid.
Line 402: The property name Orientation in Adodc5 is invalid.
Line 404: The property name Connect in Adodc5 is invalid.
Line 405: The property name OLEDBString in Adodc5 is invalid.
Line 406: The property name OLEDBFile in Adodc5 is invalid.
Line 407: The property name DataSourceName in Adodc5 is invalid.
Line 408: The property name OtherAttributes in Adodc5 is invalid.
Line 409: The property name UserName in Adodc5 is invalid.
Line 410: The property name Password in Adodc5 is invalid.
Line 411: The property name RecordSource in Adodc5 is invalid.
Line 412: The property name Caption in Adodc5 is invalid.
Line 422: The property name _Version in Adodc5 is invalid.
Line 430: The property name _ExtentX in Adodc6 is invalid.
Line 431: The property name _ExtentY in Adodc6 is invalid.
Line 432: The property name ConnectMode in Adodc6 is invalid.
Line 433: The property name CursorLocation in Adodc6 is invalid.
Line 434: The property name IsolationLevel in Adodc6 is invalid.
Line 435: The property name ConnectionTimeout in Adodc6 is invalid.
Line 436: The property name CommandTimeout in Adodc6 is invalid.
Line 437: The property name CursorType in Adodc6 is invalid.
Line 438: The property name LockType in Adodc6 is invalid.
Line 439: The property name CommandType in Adodc6 is invalid.
Line 440: The property name CursorOptions in Adodc6 is invalid.
Line 441: The property name CacheSize in Adodc6 is invalid.
Line 442: The property name MaxRecords in Adodc6 is invalid.
Line 443: The property name BOFAction in Adodc6 is invalid.
Line 444: The property name EOFAction in Adodc6 is invalid.
Line 445: The property name ConnectStringType in Adodc6 is invalid.
Line 449: The property name Orientation in Adodc6 is invalid.
Line 451: The property name Connect in Adodc6 is invalid.
Line 452: The property name OLEDBString in Adodc6 is invalid.
Line 453: The property name OLEDBFile in Adodc6 is invalid.
Line 454: The property name DataSourceName in Adodc6 is invalid.
Line 455: The property name OtherAttributes in Adodc6 is invalid.
Line 456: The property name UserName in Adodc6 is invalid.
Line 457: The property name Password in Adodc6 is invalid.
Line 458: The property name RecordSource in Adodc6 is invalid.
Line 459: The property name Caption in Adodc6 is invalid.
Line 469: The property name _Version in Adodc6 is invalid.
Line 670: The property name Bindings in DataGrid1 is invalid.
Line 676: The property name _ExtentX in DataGrid1 is invalid.
Line 677: The property name _ExtentY in DataGrid1 is invalid.
Line 678: The property name _Version in DataGrid1 is invalid.
Line 680: The property name HeadLines in DataGrid1 is invalid.
Line 681: The property name RowHeight in DataGrid1 is invalid.
Line 690: The property name HeadFont in DataGrid1 is invalid.
Line 700: The property name ColumnCount in DataGrid1 is invalid.
Line 713: The property name Column00 in DataGrid1 is invalid.
Line 726: The property name Column01 in DataGrid1 is invalid.
Line 727: The property name SplitCount in DataGrid1 is invalid.
Line 733: The property name Split0 in DataGrid1 is invalid.
Line 973: The property name _ExtentX in DTPicker1 is invalid.
Line 974: The property name _ExtentY in DTPicker1 is invalid.
Line 975: The property name _Version in DTPicker1 is invalid.
Line 976: The property name CalendarBackColor in DTPicker1 is invalid.
Line 977: The property name CalendarForeColor in DTPicker1 is invalid.
Line 978: The property name CalendarTitleBackColor in DTPicker1 is invalid.
Line 979: The property name CalendarTitleForeColor in DTPicker1 is invalid.
Line 980: The property name Format in DTPicker1 is invalid.
Line 981: The property name CurrentDate in DTPicker1 is invalid.
Line 989: The property name _ExtentX in Dt is invalid.
Line 990: The property name _ExtentY in Dt is invalid.
Line 991: The property name _Version in Dt is invalid.
Line 992: The property name CalendarBackColor in Dt is invalid.
Line 993: The property name CalendarForeColor in Dt is invalid.
Line 994: The property name CalendarTitleBackColor in Dt is invalid.
Line 995: The property name CalendarTitleForeColor in Dt is invalid.
Line 996: The property name Format in Dt is invalid.
Line 997: The property name CurrentDate in Dt is invalid.
Line 1237: The property name _ExtentX in Adodc1 is invalid.
Line 1238: The property name _ExtentY in Adodc1 is invalid.
Line 1239: The property name ConnectMode in Adodc1 is invalid.
Line 1240: The property name CursorLocation in Adodc1 is invalid.
Line 1241: The property name IsolationLevel in Adodc1 is invalid.
Line 1242: The property name ConnectionTimeout in Adodc1 is invalid.
Line 1243: The property name CommandTimeout in Adodc1 is invalid.
Line 1244: The property name CursorType in Adodc1 is invalid.
Line 1245: The property name LockType in Adodc1 is invalid.
Line 1246: The property name CommandType in Adodc1 is invalid.
Line 1247: The property name CursorOptions in Adodc1 is invalid.
Line 1248: The property name CacheSize in Adodc1 is invalid.
Line 1249: The property name MaxRecords in Adodc1 is invalid.
Line 1250: The property name BOFAction in Adodc1 is invalid.
Line 1251: The property name EOFAction in Adodc1 is invalid.
Line 1252: The property name ConnectStringType in Adodc1 is invalid.
Line 1256: The property name Orientation in Adodc1 is invalid.
Line 1258: The property name Connect in Adodc1 is invalid.
Line 1259: The property name OLEDBString in Adodc1 is invalid.
Line 1260: The property name OLEDBFile in Adodc1 is invalid.
Line 1261: The property name DataSourceName in Adodc1 is invalid.
Line 1262: The property name OtherAttributes in Adodc1 is invalid.
Line 1263: The property name UserName in Adodc1 is invalid.
Line 1264: The property name Password in Adodc1 is invalid.
Line 1265: The property name RecordSource in Adodc1 is invalid.
Line 1266: The property name Caption in Adodc1 is invalid.
Line 1276: The property name _Version in Adodc1 is invalid.
