[lbvboot.log]
0=OS version: 501 
1=lv mode: -1, OEM id: 0
2=Key #: -1
3=LabelView BootLog Started.
4=App built on ->
5=Jun 22 2005
6=Start initializing application...
7=Application initialized.
8=Start initializing DB Libarary...
9=DB Libarary Initialized.
10=Start initializing configuration...
11=language: 0
12=UNIT: mm
13=GetWinDefaultPrinter() ->
14=CheckPoint mn-4203,winspool,LPT1:
15=printer_id: 635
16=serial file path: C:\LVWIN60\SRL\
17=picklist file path: C:\LVWIN60\PKL\
18=miscellaneous file path: C:\LVWIN60\Misc\
19=text file path: C:\LVWIN60\TXT\
20=picture file path: C:\LVWIN60\PCX\
21=Print Station Path: 
22=DataBase path: C:\LVWIN60\DBF\
23=ODBC DSN: , ODBC Userid: 
24=label path: c:\lvwin60\samples\
25=printer_drv: winspool
26=port: LPT1:
27=printer_name: CheckPoint mn-4203
28=NT printer_name: CheckPoint mn-4203
29=ini correct: TRUE
30=Configuration initialized.
31=Logon finished.
32=Start initializing instance...
33=Instance initialized.
34=Commandline parsed. Init done.
35=Begin detecting keys ......
36=Detecting old software key ......
37=Detecting Alladin key ......
38=lv_mode = -1
39=Splash Screen closed
40=Main Window created.
